[14:36:07] [Server thread/INFO]: Starting minecraft server version 1.8.8
[14:36:07] [Server thread/INFO]: Loading properties
[14:36:07] [Server thread/INFO]: Default game type: SURVIVAL
[14:36:07] [Server thread/INFO]: This server is running CraftBukkit version git-Spigot-21fe707-741a1bd (MC: 1.8.8) (Implementing API version 1.8.8-R0.1-SNAPSHOT)
[14:36:07] [Server thread/INFO]: Server Ping Player Sample Count: 12
[14:36:07] [Server thread/INFO]: Using 4 threads for Netty based IO
[14:36:07] [Server thread/INFO]: Debug logging is disabled
[14:36:07] [Server thread/INFO]: Generating keypair
[14:36:08] [Server thread/INFO]: Starting Minecraft server on *:25565
[14:36:08] [Server thread/INFO]: Your platform does not provide complete low-level API for accessing direct buffers reliably. Unless explicitly requested, heap buffer will always be preferred to avoid potential system unstability.
[14:36:08] [Server thread/INFO]: Using epoll channel type
[14:36:08] [Server thread/INFO]: **** Beginning UUID conversion, this may take A LONG time ****
[14:36:08] [Server thread/INFO]: Preparing level "world"
[14:36:08] [Server thread/INFO]: -------- World Settings For [world] --------
[14:36:08] [Server thread/INFO]: Mob Spawn Range: 4
[14:36:08] [Server thread/INFO]: Anti X-Ray: true
[14:36:08] [Server thread/INFO]: 	Engine Mode: 1
[14:36:08] [Server thread/INFO]: 	Hidden Blocks: [14, 15, 16, 21, 48, 49, 54, 56, 73, 74, 82, 129, 130]
[14:36:08] [Server thread/INFO]: 	Replace Blocks: [1, 5]
[14:36:08] [Server thread/INFO]: Nerfing mobs spawned from spawners: false
[14:36:08] [Server thread/INFO]: Cactus Growth Modifier: 100%
[14:36:08] [Server thread/INFO]: Cane Growth Modifier: 100%
[14:36:08] [Server thread/INFO]: Melon Growth Modifier: 100%
[14:36:08] [Server thread/INFO]: Mushroom Growth Modifier: 100%
[14:36:08] [Server thread/INFO]: Pumpkin Growth Modifier: 100%
[14:36:08] [Server thread/INFO]: Sapling Growth Modifier: 100%
[14:36:08] [Server thread/INFO]: Wheat Growth Modifier: 100%
[14:36:08] [Server thread/INFO]: NetherWart Growth Modifier: 100%
[14:36:08] [Server thread/INFO]: Entity Activation Range: An 32 / Mo 32 / Mi 16
[14:36:08] [Server thread/INFO]: Entity Tracking Range: Pl 48 / An 48 / Mo 48 / Mi 32 / Other 64
[14:36:08] [Server thread/INFO]: Hopper Transfer: 8 Hopper Check: 8 Hopper Amount: 1
[14:36:08] [Server thread/INFO]: Random Lighting Updates: false
[14:36:08] [Server thread/INFO]: Structure Info Saving: true
[14:36:08] [Server thread/INFO]: Sending up to 10 chunks per packet
[14:36:08] [Server thread/INFO]: Max Entity Collisions: 8
[14:36:08] [Server thread/INFO]: Custom Map Seeds:  Village: 10387312 Feature: 14357617
[14:36:08] [Server thread/INFO]: Max TNT Explosions: 100
[14:36:08] [Server thread/INFO]: Tile Max Tick Time: 50ms Entity max Tick Time: 50ms
[14:36:08] [Server thread/INFO]: Allow Zombie Pigmen to spawn from portal blocks: true
[14:36:08] [Server thread/INFO]: Item Despawn Rate: 6000
[14:36:08] [Server thread/INFO]: Item Merge Radius: 2.5
[14:36:08] [Server thread/INFO]: Arrow Despawn Rate: 1200
[14:36:08] [Server thread/INFO]: View Distance: 10
[14:36:08] [Server thread/INFO]: Zombie Aggressive Towards Villager: true
[14:36:08] [Server thread/INFO]: Experience Merge Radius: 3.0
[14:36:08] [Server thread/INFO]: Chunks to Grow per Tick: 650
[14:36:08] [Server thread/INFO]: Clear tick list: false
[14:36:08] [Server thread/INFO]: -------- World Settings For [world_nether] --------
[14:36:08] [Server thread/INFO]: Mob Spawn Range: 4
[14:36:08] [Server thread/INFO]: Anti X-Ray: true
[14:36:08] [Server thread/INFO]: 	Engine Mode: 1
[14:36:08] [Server thread/INFO]: 	Hidden Blocks: [14, 15, 16, 21, 48, 49, 54, 56, 73, 74, 82, 129, 130]
[14:36:08] [Server thread/INFO]: 	Replace Blocks: [1, 5]
[14:36:08] [Server thread/INFO]: Nerfing mobs spawned from spawners: false
[14:36:08] [Server thread/INFO]: Cactus Growth Modifier: 100%
[14:36:08] [Server thread/INFO]: Cane Growth Modifier: 100%
[14:36:08] [Server thread/INFO]: Melon Growth Modifier: 100%
[14:36:08] [Server thread/INFO]: Mushroom Growth Modifier: 100%
[14:36:08] [Server thread/INFO]: Pumpkin Growth Modifier: 100%
[14:36:08] [Server thread/INFO]: Sapling Growth Modifier: 100%
[14:36:08] [Server thread/INFO]: Wheat Growth Modifier: 100%
[14:36:08] [Server thread/INFO]: NetherWart Growth Modifier: 100%
[14:36:08] [Server thread/INFO]: Entity Activation Range: An 32 / Mo 32 / Mi 16
[14:36:08] [Server thread/INFO]: Entity Tracking Range: Pl 48 / An 48 / Mo 48 / Mi 32 / Other 64
[14:36:08] [Server thread/INFO]: Hopper Transfer: 8 Hopper Check: 8 Hopper Amount: 1
[14:36:08] [Server thread/INFO]: Random Lighting Updates: false
[14:36:08] [Server thread/INFO]: Structure Info Saving: true
[14:36:08] [Server thread/INFO]: Sending up to 10 chunks per packet
[14:36:08] [Server thread/INFO]: Max Entity Collisions: 8
[14:36:08] [Server thread/INFO]: Custom Map Seeds:  Village: 10387312 Feature: 14357617
[14:36:08] [Server thread/INFO]: Max TNT Explosions: 100
[14:36:08] [Server thread/INFO]: Tile Max Tick Time: 50ms Entity max Tick Time: 50ms
[14:36:08] [Server thread/INFO]: Allow Zombie Pigmen to spawn from portal blocks: true
[14:36:08] [Server thread/INFO]: Item Despawn Rate: 6000
[14:36:08] [Server thread/INFO]: Item Merge Radius: 2.5
[14:36:08] [Server thread/INFO]: Arrow Despawn Rate: 1200
[14:36:08] [Server thread/INFO]: View Distance: 10
[14:36:08] [Server thread/INFO]: Zombie Aggressive Towards Villager: true
[14:36:08] [Server thread/INFO]: Experience Merge Radius: 3.0
[14:36:08] [Server thread/INFO]: Chunks to Grow per Tick: 650
[14:36:08] [Server thread/INFO]: Clear tick list: false
[14:36:08] [Server thread/INFO]: -------- World Settings For [world_the_end] --------
[14:36:08] [Server thread/INFO]: Mob Spawn Range: 4
[14:36:08] [Server thread/INFO]: Anti X-Ray: true
[14:36:08] [Server thread/INFO]: 	Engine Mode: 1
[14:36:08] [Server thread/INFO]: 	Hidden Blocks: [14, 15, 16, 21, 48, 49, 54, 56, 73, 74, 82, 129, 130]
[14:36:08] [Server thread/INFO]: 	Replace Blocks: [1, 5]
[14:36:08] [Server thread/INFO]: Nerfing mobs spawned from spawners: false
[14:36:08] [Server thread/INFO]: Cactus Growth Modifier: 100%
[14:36:08] [Server thread/INFO]: Cane Growth Modifier: 100%
[14:36:08] [Server thread/INFO]: Melon Growth Modifier: 100%
[14:36:08] [Server thread/INFO]: Mushroom Growth Modifier: 100%
[14:36:08] [Server thread/INFO]: Pumpkin Growth Modifier: 100%
[14:36:08] [Server thread/INFO]: Sapling Growth Modifier: 100%
[14:36:08] [Server thread/INFO]: Wheat Growth Modifier: 100%
[14:36:08] [Server thread/INFO]: NetherWart Growth Modifier: 100%
[14:36:08] [Server thread/INFO]: Entity Activation Range: An 32 / Mo 32 / Mi 16
[14:36:08] [Server thread/INFO]: Entity Tracking Range: Pl 48 / An 48 / Mo 48 / Mi 32 / Other 64
[14:36:08] [Server thread/INFO]: Hopper Transfer: 8 Hopper Check: 8 Hopper Amount: 1
[14:36:08] [Server thread/INFO]: Random Lighting Updates: false
[14:36:08] [Server thread/INFO]: Structure Info Saving: true
[14:36:08] [Server thread/INFO]: Sending up to 10 chunks per packet
[14:36:08] [Server thread/INFO]: Max Entity Collisions: 8
[14:36:08] [Server thread/INFO]: Custom Map Seeds:  Village: 10387312 Feature: 14357617
[14:36:08] [Server thread/INFO]: Max TNT Explosions: 100
[14:36:08] [Server thread/INFO]: Tile Max Tick Time: 50ms Entity max Tick Time: 50ms
[14:36:08] [Server thread/INFO]: Allow Zombie Pigmen to spawn from portal blocks: true
[14:36:08] [Server thread/INFO]: Item Despawn Rate: 6000
[14:36:08] [Server thread/INFO]: Item Merge Radius: 2.5
[14:36:08] [Server thread/INFO]: Arrow Despawn Rate: 1200
[14:36:08] [Server thread/INFO]: View Distance: 10
[14:36:08] [Server thread/INFO]: Zombie Aggressive Towards Villager: true
[14:36:08] [Server thread/INFO]: Experience Merge Radius: 3.0
[14:36:08] [Server thread/INFO]: Chunks to Grow per Tick: 650
[14:36:08] [Server thread/INFO]: Clear tick list: false
[14:36:08] [Server thread/INFO]: Preparing start region for level 0 (Seed: -2548457295216304332)
[14:36:09] [Server thread/INFO]: Preparing spawn area: 65%
[14:36:09] [Server thread/INFO]: Preparing start region for level 1 (Seed: -2548457295216304332)
[14:36:10] [Server thread/INFO]: Preparing start region for level 2 (Seed: -6481980137220047702)
[14:36:10] [Server thread/INFO]: Server permissions file permissions.yml is empty, ignoring it
[14:36:10] [Server thread/INFO]: Done (2.302s)! For help, type "help" or "?"
[14:36:41] [Server thread/INFO]: CONSOLE: [0;31;1mPlease note that this command is not supported and may cause issues when using some plugins.[m
[14:36:41] [Server thread/INFO]: CONSOLE: [0;31;1mIf you encounter any issues please use the /stop command to restart your server.[m
[14:36:41] [Server thread/INFO]: Server Ping Player Sample Count: 12
[14:36:41] [Server thread/INFO]: Using 4 threads for Netty based IO
[14:36:41] [Server thread/INFO]: Debug logging is disabled
[14:36:41] [Server thread/INFO]: -------- World Settings For [world] --------
[14:36:41] [Server thread/INFO]: Mob Spawn Range: 4
[14:36:41] [Server thread/INFO]: Anti X-Ray: true
[14:36:41] [Server thread/INFO]: 	Engine Mode: 1
[14:36:41] [Server thread/INFO]: 	Hidden Blocks: [14, 15, 16, 21, 48, 49, 54, 56, 73, 74, 82, 129, 130]
[14:36:41] [Server thread/INFO]: 	Replace Blocks: [1, 5]
[14:36:41] [Server thread/INFO]: Nerfing mobs spawned from spawners: false
[14:36:41] [Server thread/INFO]: Cactus Growth Modifier: 100%
[14:36:41] [Server thread/INFO]: Cane Growth Modifier: 100%
[14:36:41] [Server thread/INFO]: Melon Growth Modifier: 100%
[14:36:41] [Server thread/INFO]: Mushroom Growth Modifier: 100%
[14:36:41] [Server thread/INFO]: Pumpkin Growth Modifier: 100%
[14:36:41] [Server thread/INFO]: Sapling Growth Modifier: 100%
[14:36:41] [Server thread/INFO]: Wheat Growth Modifier: 100%
[14:36:41] [Server thread/INFO]: NetherWart Growth Modifier: 100%
[14:36:41] [Server thread/INFO]: Entity Activation Range: An 32 / Mo 32 / Mi 16
[14:36:41] [Server thread/INFO]: Entity Tracking Range: Pl 48 / An 48 / Mo 48 / Mi 32 / Other 64
[14:36:41] [Server thread/INFO]: Hopper Transfer: 8 Hopper Check: 8 Hopper Amount: 1
[14:36:41] [Server thread/INFO]: Random Lighting Updates: false
[14:36:41] [Server thread/INFO]: Structure Info Saving: true
[14:36:41] [Server thread/INFO]: Sending up to 10 chunks per packet
[14:36:41] [Server thread/INFO]: Max Entity Collisions: 8
[14:36:41] [Server thread/INFO]: Custom Map Seeds:  Village: 10387312 Feature: 14357617
[14:36:41] [Server thread/INFO]: Max TNT Explosions: 100
[14:36:41] [Server thread/INFO]: Tile Max Tick Time: 50ms Entity max Tick Time: 50ms
[14:36:41] [Server thread/INFO]: Allow Zombie Pigmen to spawn from portal blocks: true
[14:36:41] [Server thread/INFO]: Item Despawn Rate: 6000
[14:36:41] [Server thread/INFO]: Item Merge Radius: 2.5
[14:36:41] [Server thread/INFO]: Arrow Despawn Rate: 1200
[14:36:41] [Server thread/INFO]: View Distance: 10
[14:36:41] [Server thread/INFO]: Zombie Aggressive Towards Villager: true
[14:36:41] [Server thread/INFO]: Experience Merge Radius: 3.0
[14:36:41] [Server thread/INFO]: Chunks to Grow per Tick: 650
[14:36:41] [Server thread/INFO]: Clear tick list: false
[14:36:41] [Server thread/INFO]: -------- World Settings For [world_nether] --------
[14:36:41] [Server thread/INFO]: Mob Spawn Range: 4
[14:36:41] [Server thread/INFO]: Anti X-Ray: true
[14:36:41] [Server thread/INFO]: 	Engine Mode: 1
[14:36:41] [Server thread/INFO]: 	Hidden Blocks: [14, 15, 16, 21, 48, 49, 54, 56, 73, 74, 82, 129, 130]
[14:36:41] [Server thread/INFO]: 	Replace Blocks: [1, 5]
[14:36:41] [Server thread/INFO]: Nerfing mobs spawned from spawners: false
[14:36:41] [Server thread/INFO]: Cactus Growth Modifier: 100%
[14:36:41] [Server thread/INFO]: Cane Growth Modifier: 100%
[14:36:41] [Server thread/INFO]: Melon Growth Modifier: 100%
[14:36:41] [Server thread/INFO]: Mushroom Growth Modifier: 100%
[14:36:41] [Server thread/INFO]: Pumpkin Growth Modifier: 100%
[14:36:41] [Server thread/INFO]: Sapling Growth Modifier: 100%
[14:36:41] [Server thread/INFO]: Wheat Growth Modifier: 100%
[14:36:41] [Server thread/INFO]: NetherWart Growth Modifier: 100%
[14:36:41] [Server thread/INFO]: Entity Activation Range: An 32 / Mo 32 / Mi 16
[14:36:41] [Server thread/INFO]: Entity Tracking Range: Pl 48 / An 48 / Mo 48 / Mi 32 / Other 64
[14:36:41] [Server thread/INFO]: Hopper Transfer: 8 Hopper Check: 8 Hopper Amount: 1
[14:36:41] [Server thread/INFO]: Random Lighting Updates: false
[14:36:41] [Server thread/INFO]: Structure Info Saving: true
[14:36:41] [Server thread/INFO]: Sending up to 10 chunks per packet
[14:36:41] [Server thread/INFO]: Max Entity Collisions: 8
[14:36:41] [Server thread/INFO]: Custom Map Seeds:  Village: 10387312 Feature: 14357617
[14:36:41] [Server thread/INFO]: Max TNT Explosions: 100
[14:36:41] [Server thread/INFO]: Tile Max Tick Time: 50ms Entity max Tick Time: 50ms
[14:36:41] [Server thread/INFO]: Allow Zombie Pigmen to spawn from portal blocks: true
[14:36:41] [Server thread/INFO]: Item Despawn Rate: 6000
[14:36:41] [Server thread/INFO]: Item Merge Radius: 2.5
[14:36:41] [Server thread/INFO]: Arrow Despawn Rate: 1200
[14:36:41] [Server thread/INFO]: View Distance: 10
[14:36:41] [Server thread/INFO]: Zombie Aggressive Towards Villager: true
[14:36:41] [Server thread/INFO]: Experience Merge Radius: 3.0
[14:36:41] [Server thread/INFO]: Chunks to Grow per Tick: 650
[14:36:41] [Server thread/INFO]: Clear tick list: false
[14:36:41] [Server thread/INFO]: -------- World Settings For [world_the_end] --------
[14:36:41] [Server thread/INFO]: Mob Spawn Range: 4
[14:36:41] [Server thread/INFO]: Anti X-Ray: true
[14:36:41] [Server thread/INFO]: 	Engine Mode: 1
[14:36:41] [Server thread/INFO]: 	Hidden Blocks: [14, 15, 16, 21, 48, 49, 54, 56, 73, 74, 82, 129, 130]
[14:36:41] [Server thread/INFO]: 	Replace Blocks: [1, 5]
[14:36:41] [Server thread/INFO]: Nerfing mobs spawned from spawners: false
[14:36:41] [Server thread/INFO]: Cactus Growth Modifier: 100%
[14:36:41] [Server thread/INFO]: Cane Growth Modifier: 100%
[14:36:41] [Server thread/INFO]: Melon Growth Modifier: 100%
[14:36:41] [Server thread/INFO]: Mushroom Growth Modifier: 100%
[14:36:41] [Server thread/INFO]: Pumpkin Growth Modifier: 100%
[14:36:41] [Server thread/INFO]: Sapling Growth Modifier: 100%
[14:36:41] [Server thread/INFO]: Wheat Growth Modifier: 100%
[14:36:41] [Server thread/INFO]: NetherWart Growth Modifier: 100%
[14:36:41] [Server thread/INFO]: Entity Activation Range: An 32 / Mo 32 / Mi 16
[14:36:41] [Server thread/INFO]: Entity Tracking Range: Pl 48 / An 48 / Mo 48 / Mi 32 / Other 64
[14:36:41] [Server thread/INFO]: Hopper Transfer: 8 Hopper Check: 8 Hopper Amount: 1
[14:36:41] [Server thread/INFO]: Random Lighting Updates: false
[14:36:41] [Server thread/INFO]: Structure Info Saving: true
[14:36:41] [Server thread/INFO]: Sending up to 10 chunks per packet
[14:36:41] [Server thread/INFO]: Max Entity Collisions: 8
[14:36:41] [Server thread/INFO]: Custom Map Seeds:  Village: 10387312 Feature: 14357617
[14:36:41] [Server thread/INFO]: Max TNT Explosions: 100
[14:36:41] [Server thread/INFO]: Tile Max Tick Time: 50ms Entity max Tick Time: 50ms
[14:36:41] [Server thread/INFO]: Allow Zombie Pigmen to spawn from portal blocks: true
[14:36:41] [Server thread/INFO]: Item Despawn Rate: 6000
[14:36:41] [Server thread/INFO]: Item Merge Radius: 2.5
[14:36:41] [Server thread/INFO]: Arrow Despawn Rate: 1200
[14:36:41] [Server thread/INFO]: View Distance: 10
[14:36:41] [Server thread/INFO]: Zombie Aggressive Towards Villager: true
[14:36:41] [Server thread/INFO]: Experience Merge Radius: 3.0
[14:36:41] [Server thread/INFO]: Chunks to Grow per Tick: 650
[14:36:41] [Server thread/INFO]: Clear tick list: false
[14:36:41] [Server thread/INFO]: Server permissions file permissions.yml is empty, ignoring it
[14:36:41] [Server thread/INFO]: CONSOLE: [0;32;1mReload complete.[m
[14:39:30] [Server thread/INFO]: Stopping the server
[14:39:30] [Server thread/INFO]: Stopping server
[14:39:30] [Server thread/INFO]: Saving players
[14:39:30] [Server thread/INFO]: Saving worlds
[14:39:30] [Server thread/INFO]: Saving chunks for level 'world'/Overworld
[14:39:30] [Server thread/INFO]: Saving chunks for level 'world_nether'/Nether
[14:39:30] [Server thread/INFO]: Saving chunks for level 'world_the_end'/The End
